[2023-11-04 19:02:42.436 +0800] [] [main] [INFO] [com.bantanger.design.ordinary.Application] [Starting Application on BanTanger with PID 4948 (E:\JavaProjectManager\im-whale-shark\im-design-demo\im-register-login-demo\login-ordinary-demo\target\classes started by 12902 in E:\JavaProjectManager\im-whale-shark)]
[2023-11-04 19:02:42.436 +0800] [] [main] [INFO] [com.bantanger.design.ordinary.Application] [No active profile set, falling back to default profiles: default]
[2023-11-04 19:02:43.191 +0800] [] [main] [INFO] [o.s.boot.web.embedded.tomcat.TomcatWebServer] [Tomcat initialized with port(s): 21000 (http)]
[2023-11-04 19:02:43.194 +0800] [] [main] [INFO] [org.apache.coyote.http11.Http11NioProtocol] [Initializing ProtocolHandler ["http-nio-21000"]]
[2023-11-04 19:02:43.194 +0800] [] [main] [INFO] [org.apache.catalina.core.StandardService] [Starting service [Tomcat]]
[2023-11-04 19:02:43.194 +0800] [] [main] [INFO] [org.apache.catalina.core.StandardEngine] [Starting Servlet engine: [Apache Tomcat/9.0.37]]
[2023-11-04 19:02:43.255 +0800] [] [main] [INFO] [o.a.c.core.ContainerBase.[Tomcat].[localhost].[/]] [Initializing Spring embedded WebApplicationContext]
[2023-11-04 19:02:43.255 +0800] [] [main] [INFO] [o.s.b.w.s.c.ServletWebServerApplicationContext] [Root WebApplicationContext: initialization completed in 787 ms]
[2023-11-04 19:02:43.822 +0800] [] [main] [INFO] [o.s.scheduling.concurrent.ThreadPoolTaskExecutor] [Initializing ExecutorService 'applicationTaskExecutor']
[2023-11-04 19:02:43.932 +0800] [] [main] [INFO] [org.apache.coyote.http11.Http11NioProtocol] [Starting ProtocolHandler ["http-nio-21000"]]
[2023-11-04 19:02:43.947 +0800] [] [main] [INFO] [o.s.boot.web.embedded.tomcat.TomcatWebServer] [Tomcat started on port(s): 21000 (http) with context path '']
[2023-11-04 19:02:43.995 +0800] [] [main] [INFO] [com.bantanger.design.ordinary.Application] [Started Application in 2.2 seconds (JVM running for 3.062)]
[2023-11-04 19:04:40.126 +0800] [] [http-nio-21000-exec-1] [INFO] [o.a.c.core.ContainerBase.[Tomcat].[localhost].[/]] [Initializing Spring DispatcherServlet 'dispatcherServlet']
[2023-11-04 19:04:40.127 +0800] [] [http-nio-21000-exec-1] [INFO] [org.springframework.web.servlet.DispatcherServlet] [Initializing Servlet 'dispatcherServlet']
[2023-11-04 19:04:40.131 +0800] [] [http-nio-21000-exec-1] [INFO] [org.springframework.web.servlet.DispatcherServlet] [Completed initialization in 4 ms]
[2023-11-04 19:04:40.156 +0800] [] [http-nio-21000-exec-1] [INFO] [c.b.design.ordinary.controller.UserController] [密码加盐处理...]
[2023-11-04 19:04:40.187 +0800] [] [http-nio-21000-exec-1] [INFO] [com.zaxxer.hikari.HikariDataSource] [HikariPool-1 - Starting...]
[2023-11-04 19:04:40.293 +0800] [] [http-nio-21000-exec-1] [INFO] [com.zaxxer.hikari.HikariDataSource] [HikariPool-1 - Start completed.]
[2023-11-04 19:04:40.322 +0800] [] [http-nio-21000-exec-1] [INFO] [c.b.design.ordinary.service.UserServiceImpl] [用户 admin 登录成功]
[2023-11-04 19:53:26.115 +0800] [] [SpringContextShutdownHook] [INFO] [o.s.scheduling.concurrent.ThreadPoolTaskExecutor] [Shutting down ExecutorService 'applicationTaskExecutor']
[2023-11-04 19:53:26.115 +0800] [] [SpringContextShutdownHook] [INFO] [com.zaxxer.hikari.HikariDataSource] [HikariPool-1 - Shutdown initiated...]
[2023-11-04 19:53:26.115 +0800] [] [SpringContextShutdownHook] [INFO] [com.zaxxer.hikari.HikariDataSource] [HikariPool-1 - Shutdown completed.]
[2023-11-04 19:53:29.402 +0800] [] [main] [INFO] [com.bantanger.design.ordinary.Application] [Starting Application on BanTanger with PID 23660 (E:\JavaProjectManager\im-whale-shark\im-design-demo\im-register-login-demo\login-ordinary-demo\target\classes started by 12902 in E:\JavaProjectManager\im-whale-shark)]
[2023-11-04 19:53:29.402 +0800] [] [main] [INFO] [com.bantanger.design.ordinary.Application] [No active profile set, falling back to default profiles: default]
[2023-11-04 19:53:30.239 +0800] [] [main] [INFO] [o.s.boot.web.embedded.tomcat.TomcatWebServer] [Tomcat initialized with port(s): 21000 (http)]
[2023-11-04 19:53:30.239 +0800] [] [main] [INFO] [org.apache.coyote.http11.Http11NioProtocol] [Initializing ProtocolHandler ["http-nio-21000"]]
[2023-11-04 19:53:30.239 +0800] [] [main] [INFO] [org.apache.catalina.core.StandardService] [Starting service [Tomcat]]
[2023-11-04 19:53:30.239 +0800] [] [main] [INFO] [org.apache.catalina.core.StandardEngine] [Starting Servlet engine: [Apache Tomcat/9.0.37]]
[2023-11-04 19:53:30.301 +0800] [] [main] [INFO] [o.a.c.core.ContainerBase.[Tomcat].[localhost].[/]] [Initializing Spring embedded WebApplicationContext]
[2023-11-04 19:53:30.317 +0800] [] [main] [INFO] [o.s.b.w.s.c.ServletWebServerApplicationContext] [Root WebApplicationContext: initialization completed in 883 ms]
[2023-11-04 19:53:30.837 +0800] [] [main] [INFO] [o.s.scheduling.concurrent.ThreadPoolTaskExecutor] [Initializing ExecutorService 'applicationTaskExecutor']
[2023-11-04 19:53:30.949 +0800] [] [main] [INFO] [org.apache.coyote.http11.Http11NioProtocol] [Starting ProtocolHandler ["http-nio-21000"]]
[2023-11-04 19:53:31.017 +0800] [] [main] [INFO] [o.s.boot.web.embedded.tomcat.TomcatWebServer] [Tomcat started on port(s): 21000 (http) with context path '']
[2023-11-04 19:53:31.028 +0800] [] [main] [INFO] [com.bantanger.design.ordinary.Application] [Started Application in 2.301 seconds (JVM running for 3.185)]
[2023-11-04 19:53:53.591 +0800] [] [SpringContextShutdownHook] [INFO] [o.s.scheduling.concurrent.ThreadPoolTaskExecutor] [Shutting down ExecutorService 'applicationTaskExecutor']
[2023-11-04 19:53:56.330 +0800] [] [main] [INFO] [com.bantanger.design.ordinary.Application] [Starting Application on BanTanger with PID 2576 (E:\JavaProjectManager\im-whale-shark\im-design-demo\im-register-login-demo\login-ordinary-demo\target\classes started by 12902 in E:\JavaProjectManager\im-whale-shark)]
[2023-11-04 19:53:56.343 +0800] [] [main] [INFO] [com.bantanger.design.ordinary.Application] [No active profile set, falling back to default profiles: default]
[2023-11-04 19:53:57.115 +0800] [] [main] [INFO] [o.s.boot.web.embedded.tomcat.TomcatWebServer] [Tomcat initialized with port(s): 21000 (http)]
[2023-11-04 19:53:57.115 +0800] [] [main] [INFO] [org.apache.coyote.http11.Http11NioProtocol] [Initializing ProtocolHandler ["http-nio-21000"]]
[2023-11-04 19:53:57.131 +0800] [] [main] [INFO] [org.apache.catalina.core.StandardService] [Starting service [Tomcat]]
[2023-11-04 19:53:57.131 +0800] [] [main] [INFO] [org.apache.catalina.core.StandardEngine] [Starting Servlet engine: [Apache Tomcat/9.0.37]]
[2023-11-04 19:53:57.179 +0800] [] [main] [INFO] [o.a.c.core.ContainerBase.[Tomcat].[localhost].[/]] [Initializing Spring embedded WebApplicationContext]
[2023-11-04 19:53:57.179 +0800] [] [main] [INFO] [o.s.b.w.s.c.ServletWebServerApplicationContext] [Root WebApplicationContext: initialization completed in 788 ms]
[2023-11-04 19:53:57.748 +0800] [] [main] [INFO] [o.s.scheduling.concurrent.ThreadPoolTaskExecutor] [Initializing ExecutorService 'applicationTaskExecutor']
[2023-11-04 19:53:57.857 +0800] [] [main] [INFO] [org.apache.coyote.http11.Http11NioProtocol] [Starting ProtocolHandler ["http-nio-21000"]]
[2023-11-04 19:53:57.874 +0800] [] [main] [INFO] [o.s.boot.web.embedded.tomcat.TomcatWebServer] [Tomcat started on port(s): 21000 (http) with context path '']
[2023-11-04 19:53:57.921 +0800] [] [main] [INFO] [com.bantanger.design.ordinary.Application] [Started Application in 2.149 seconds (JVM running for 2.993)]
[2023-11-04 19:54:12.305 +0800] [] [SpringContextShutdownHook] [INFO] [o.s.scheduling.concurrent.ThreadPoolTaskExecutor] [Shutting down ExecutorService 'applicationTaskExecutor']
[2023-11-04 19:54:15.127 +0800] [] [main] [INFO] [com.bantanger.design.ordinary.Application] [Starting Application on BanTanger with PID 20236 (E:\JavaProjectManager\im-whale-shark\im-design-demo\im-register-login-demo\login-ordinary-demo\target\classes started by 12902 in E:\JavaProjectManager\im-whale-shark)]
[2023-11-04 19:54:15.131 +0800] [] [main] [INFO] [com.bantanger.design.ordinary.Application] [No active profile set, falling back to default profiles: default]
[2023-11-04 19:54:15.926 +0800] [] [main] [INFO] [o.s.boot.web.embedded.tomcat.TomcatWebServer] [Tomcat initialized with port(s): 21000 (http)]
[2023-11-04 19:54:15.942 +0800] [] [main] [INFO] [org.apache.coyote.http11.Http11NioProtocol] [Initializing ProtocolHandler ["http-nio-21000"]]
[2023-11-04 19:54:15.942 +0800] [] [main] [INFO] [org.apache.catalina.core.StandardService] [Starting service [Tomcat]]
[2023-11-04 19:54:15.942 +0800] [] [main] [INFO] [org.apache.catalina.core.StandardEngine] [Starting Servlet engine: [Apache Tomcat/9.0.37]]
[2023-11-04 19:54:15.989 +0800] [] [main] [INFO] [o.a.c.core.ContainerBase.[Tomcat].[localhost].[/]] [Initializing Spring embedded WebApplicationContext]
[2023-11-04 19:54:15.989 +0800] [] [main] [INFO] [o.s.b.w.s.c.ServletWebServerApplicationContext] [Root WebApplicationContext: initialization completed in 817 ms]
[2023-11-04 19:54:16.511 +0800] [] [main] [INFO] [o.s.scheduling.concurrent.ThreadPoolTaskExecutor] [Initializing ExecutorService 'applicationTaskExecutor']
[2023-11-04 19:54:16.605 +0800] [] [main] [INFO] [org.apache.coyote.http11.Http11NioProtocol] [Starting ProtocolHandler ["http-nio-21000"]]
[2023-11-04 19:54:16.674 +0800] [] [main] [INFO] [o.s.boot.web.embedded.tomcat.TomcatWebServer] [Tomcat started on port(s): 21000 (http) with context path '']
[2023-11-04 19:54:16.684 +0800] [] [main] [INFO] [com.bantanger.design.ordinary.Application] [Started Application in 2.189 seconds (JVM running for 3.06)]
[2023-11-04 21:01:04.311 +0800] [] [SpringContextShutdownHook] [INFO] [o.s.scheduling.concurrent.ThreadPoolTaskExecutor] [Shutting down ExecutorService 'applicationTaskExecutor']
